<?xml version="1.0" encoding="UTF-8"?>
<!-- Generated by org.testng.reporters.JUnitXMLReporter -->
<testsuite ignored="0" hostname="suryaraghav" failures="0" tests="3" name="Default test" time="16.702" errors="0" timestamp="2025-09-24T12:21:28 IST">
  <testcase classname="com.qa.testcases.LoginPageTest" name="validateloginpagetitletest" time="0.028"/>
  <testcase classname="com.qa.testcases.LoginPageTest" name="SignuppageTest" time="3.828"/>
  <testcase classname="com.qa.testcases.LoginPageTest" name="loginTest" time="0.818"/>
</testsuite> <!-- Default test -->
