<?xml version="1.0" encoding="UTF-8"?>
<!-- Generated by org.testng.reporters.JUnitXMLReporter -->
<testsuite ignored="0" hostname="suryaraghav" failures="0" tests="3" name="Test" time="21.217" errors="0" timestamp="2025-09-24T12:30:29 IST">
  <testcase classname="com.qa.testcases.LoginPageTest" name="validateloginpagetitletest" time="0.03"/>
  <testcase classname="com.qa.testcases.LoginPageTest" name="SignuppageTest" time="4.995"/>
  <testcase classname="com.qa.testcases.LoginPageTest" name="loginTest" time="0.649"/>
</testsuite> <!-- Test -->
