<?xml version="1.0" encoding="UTF-8"?>
<testsuite xmlns:xsi="http://www.w3.org/2001/XMLSchema-instance" xsi:noNamespaceSchemaLocation="https://maven.apache.org/surefire/maven-surefire-plugin/xsd/surefire-test-report-3.0.xsd" version="3.0" name="com.qa.testcases.LoginPageTest" time="22.096" tests="3" errors="0" skipped="0" failures="0">
  <properties>
[...]
</properties>
  <testcase name="validateloginpagetitletest" classname="com.qa.testcases.LoginPageTest" time="0.016">
    <system-err><![CDATA[Sept 24, 2025 5:48:45 PM org.openqa.selenium.manager.SeleniumManager lambda$runCommand$1
WARNING: The chromedriver version (139.0.7258.66) detected in PATH at C:\Users\Venupriya\Downloads\139.0.7258.66 chromedriver-win64\chromedriver-win64\chromedriver.exe might not be compatible with the detected chrome version (140.0.7339.186); currently, chromedriver 140.0.7339.207 is recommended for chrome 140.*, so it is advised to delete the driver in PATH and retry
Sept 24, 2025 5:48:47 PM org.openqa.selenium.devtools.CdpVersionFinder findNearestMatch
WARNING: Unable to find an exact match for CDP version 140, returning the closest version; found: 139; Please update to a Selenium version that supports CDP version 140
]]></system-err>
  </testcase>
  <testcase name="SignuppageTest" classname="com.qa.testcases.LoginPageTest" time="4.04"/>
  <testcase name="loginTest" classname="com.qa.testcases.LoginPageTest" time="0.816"/>
</testsuite>