<?xml version="1.0" encoding="UTF-8"?>
<testng-results ignored="0" total="3" passed="3" failed="0" skipped="0">
  <reporter-output>
  </reporter-output>
  <suite started-at="2025-09-24T17:48:38 IST" name="Surefire suite" finished-at="2025-09-24T17:49:00 IST" duration-ms="21306">
    <groups>
    </groups>
    <test started-at="2025-09-24T17:48:38 IST" name="Surefire test" finished-at="2025-09-24T17:49:00 IST" duration-ms="21306">
      <class name="com.qa.testcases.LoginPageTest">
        <test-method is-config="true" signature="setup()[pri:0, instance:com.qa.testcases.LoginPageTest@50a638b5]" started-at="2025-09-24T17:48:38 IST" name="setup" finished-at="2025-09-24T17:48:55 IST" duration-ms="16352" status="PASS">
          <reporter-output>
          </reporter-output>
        </test-method> <!-- setup -->
        <test-method signature="validateloginpagetitletest()[pri:1, instance:com.qa.testcases.LoginPageTest@50a638b5]" started-at="2025-09-24T17:48:55 IST" name="validateloginpagetitletest" finished-at="2025-09-24T17:48:55 IST" duration-ms="15" status="PASS">
          <reporter-output>
          </reporter-output>
        </test-method> <!-- validateloginpagetitletest -->
        <test-method signature="SignuppageTest()[pri:2, instance:com.qa.testcases.LoginPageTest@50a638b5]" started-at="2025-09-24T17:48:55 IST" name="SignuppageTest" finished-at="2025-09-24T17:48:59 IST" duration-ms="4041" status="PASS">
          <reporter-output>
          </reporter-output>
        </test-method> <!-- SignuppageTest -->
        <test-method signature="loginTest()[pri:3, instance:com.qa.testcases.LoginPageTest@50a638b5]" started-at="2025-09-24T17:48:59 IST" name="loginTest" finished-at="2025-09-24T17:49:00 IST" duration-ms="816" status="PASS">
          <reporter-output>
          </reporter-output>
        </test-method> <!-- loginTest -->
      </class> <!-- com.qa.testcases.LoginPageTest -->
    </test> <!-- Surefire test -->
  </suite> <!-- Surefire suite -->
</testng-results>
