<?xml version="1.0" encoding="UTF-8"?>
<testng-results ignored="0" total="3" passed="3" failed="0" skipped="0">
  <reporter-output>
  </reporter-output>
  <suite started-at="2025-09-24T12:30:07 IST" name="Suite" finished-at="2025-09-24T12:30:29 IST" duration-ms="21217">
    <groups>
    </groups>
    <test started-at="2025-09-24T12:30:07 IST" name="Test" finished-at="2025-09-24T12:30:29 IST" duration-ms="21217">
      <class name="com.qa.testcases.LoginPageTest">
        <test-method is-config="true" signature="setup()[pri:0, instance:com.qa.testcases.LoginPageTest@752325ad]" started-at="2025-09-24T12:30:07 IST" name="setup" finished-at="2025-09-24T12:30:23 IST" duration-ms="15468" status="PASS">
          <reporter-output>
          </reporter-output>
        </test-method> <!-- setup -->
        <test-method signature="validateloginpagetitletest()[pri:1, instance:com.qa.testcases.LoginPageTest@752325ad]" started-at="2025-09-24T12:30:23 IST" name="validateloginpagetitletest" finished-at="2025-09-24T12:30:23 IST" duration-ms="30" status="PASS">
          <reporter-output>
          </reporter-output>
        </test-method> <!-- validateloginpagetitletest -->
        <test-method signature="SignuppageTest()[pri:2, instance:com.qa.testcases.LoginPageTest@752325ad]" started-at="2025-09-24T12:30:23 IST" name="SignuppageTest" finished-at="2025-09-24T12:30:28 IST" duration-ms="4995" status="PASS">
          <reporter-output>
          </reporter-output>
        </test-method> <!-- SignuppageTest -->
        <test-method signature="loginTest()[pri:3, instance:com.qa.testcases.LoginPageTest@752325ad]" started-at="2025-09-24T12:30:28 IST" name="loginTest" finished-at="2025-09-24T12:30:29 IST" duration-ms="649" status="PASS">
          <reporter-output>
          </reporter-output>
        </test-method> <!-- loginTest -->
      </class> <!-- com.qa.testcases.LoginPageTest -->
    </test> <!-- Test -->
  </suite> <!-- Suite -->
</testng-results>
