<?xml version="1.0" encoding="UTF-8"?>
<!-- Generated by org.testng.reporters.JUnitReportReporter -->
<testsuite hostname="suryaraghav" failures="0" tests="3" name="com.qa.testdata.LoginPageTest" time="5.611" errors="0" timestamp="2025-09-23T10:29:03 IST" skipped="0">
  <testcase classname="com.qa.testdata.LoginPageTest" name="validateloginpagetitletest" time="0.223"/>
  <testcase classname="com.qa.testdata.LoginPageTest" name="SignuppageTest" time="3.924"/>
  <testcase classname="com.qa.testdata.LoginPageTest" name="loginTest" time="1.464"/>
</testsuite> <!-- com.qa.testdata.LoginPageTest -->
