<?xml version="1.0" encoding="UTF-8"?>
<!-- Generated by org.testng.reporters.JUnitReportReporter -->
<testsuite hostname="suryaraghav" failures="0" tests="3" name="com.qa.testcases.LoginPageTest" time="5.674" errors="0" timestamp="2025-09-24T12:30:29 IST" skipped="0">
  <testcase classname="com.qa.testcases.LoginPageTest" name="validateloginpagetitletest" time="0.030"/>
  <testcase classname="com.qa.testcases.LoginPageTest" name="SignuppageTest" time="4.995"/>
  <testcase classname="com.qa.testcases.LoginPageTest" name="loginTest" time="0.649"/>
</testsuite> <!-- com.qa.testcases.LoginPageTest -->
