<?xml version="1.0" encoding="UTF-8"?>
<!-- Generated by org.testng.reporters.JUnitReportReporter -->
<testsuite hostname="suryaraghav" failures="0" tests="3" name="com.qa.testcases.LoginPageTest" time="4.872" errors="0" timestamp="2025-09-24T17:49:00 IST" skipped="0">
  <testcase classname="com.qa.testcases.LoginPageTest" name="validateloginpagetitletest" time="0.015"/>
  <testcase classname="com.qa.testcases.LoginPageTest" name="SignuppageTest" time="4.041"/>
  <testcase classname="com.qa.testcases.LoginPageTest" name="loginTest" time="0.816"/>
</testsuite> <!-- com.qa.testcases.LoginPageTest -->
